{"D:\\Github_Reposities\\test-mandatory-1\\src\\People.js": {"path":"D:\\Github_Reposities\\test-mandatory-1\\src\\People.js","statementMap":{"0":{"start":{"line":8,"column":15},"end":{"line":8,"column":17}},"1":{"start":{"line":11,"column":8},"end":{"line":11,"column":25}},"2":{"start":{"line":12,"column":8},"end":{"line":12,"column":31}},"3":{"start":{"line":13,"column":8},"end":{"line":13,"column":29}},"4":{"start":{"line":14,"column":8},"end":{"line":14,"column":23}},"5":{"start":{"line":15,"column":8},"end":{"line":15,"column":33}},"6":{"start":{"line":16,"column":8},"end":{"line":16,"column":31}},"7":{"start":{"line":20,"column":8},"end":{"line":20,"column":54}},"8":{"start":{"line":24,"column":8},"end":{"line":24,"column":29}},"9":{"start":{"line":28,"column":8},"end":{"line":28,"column":24}},"10":{"start":{"line":34,"column":8},"end":{"line":34,"column":26}},"11":{"start":{"line":38,"column":8},"end":{"line":38,"column":26}},"12":{"start":{"line":42,"column":8},"end":{"line":42,"column":32}},"13":{"start":{"line":46,"column":8},"end":{"line":46,"column":29}},"14":{"start":{"line":50,"column":8},"end":{"line":50,"column":30}},"15":{"start":{"line":54,"column":8},"end":{"line":54,"column":28}},"16":{"start":{"line":58,"column":8},"end":{"line":58,"column":24}},"17":{"start":{"line":62,"column":8},"end":{"line":62,"column":25}},"18":{"start":{"line":66,"column":8},"end":{"line":66,"column":34}},"19":{"start":{"line":70,"column":8},"end":{"line":70,"column":30}},"20":{"start":{"line":74,"column":8},"end":{"line":74,"column":36}},"21":{"start":{"line":78,"column":8},"end":{"line":78,"column":29}},"22":{"start":{"line":84,"column":15},"end":{"line":84,"column":27}},"23":{"start":{"line":86,"column":0},"end":{"line":86,"column":26}},"24":{"start":{"line":87,"column":0},"end":{"line":87,"column":18}},"25":{"start":{"line":89,"column":0},"end":{"line":89,"column":24}}},"fnMap":{"0":{"name":"(anonymous_0)","decl":{"start":{"line":10,"column":4},"end":{"line":10,"column":5}},"loc":{"start":{"line":10,"column":63},"end":{"line":17,"column":5}},"line":10},"1":{"name":"(anonymous_1)","decl":{"start":{"line":19,"column":4},"end":{"line":19,"column":5}},"loc":{"start":{"line":19,"column":24},"end":{"line":21,"column":5}},"line":19},"2":{"name":"(anonymous_2)","decl":{"start":{"line":23,"column":4},"end":{"line":23,"column":5}},"loc":{"start":{"line":23,"column":15},"end":{"line":25,"column":5}},"line":23},"3":{"name":"(anonymous_3)","decl":{"start":{"line":27,"column":4},"end":{"line":27,"column":5}},"loc":{"start":{"line":27,"column":16},"end":{"line":29,"column":5}},"line":27},"4":{"name":"(anonymous_4)","decl":{"start":{"line":33,"column":4},"end":{"line":33,"column":5}},"loc":{"start":{"line":33,"column":17},"end":{"line":35,"column":5}},"line":33},"5":{"name":"(anonymous_5)","decl":{"start":{"line":37,"column":4},"end":{"line":37,"column":5}},"loc":{"start":{"line":37,"column":13},"end":{"line":39,"column":5}},"line":37},"6":{"name":"(anonymous_6)","decl":{"start":{"line":41,"column":4},"end":{"line":41,"column":5}},"loc":{"start":{"line":41,"column":23},"end":{"line":43,"column":5}},"line":41},"7":{"name":"(anonymous_7)","decl":{"start":{"line":45,"column":4},"end":{"line":45,"column":5}},"loc":{"start":{"line":45,"column":16},"end":{"line":47,"column":5}},"line":45},"8":{"name":"(anonymous_8)","decl":{"start":{"line":49,"column":4},"end":{"line":49,"column":5}},"loc":{"start":{"line":49,"column":21},"end":{"line":51,"column":5}},"line":49},"9":{"name":"(anonymous_9)","decl":{"start":{"line":53,"column":4},"end":{"line":53,"column":5}},"loc":{"start":{"line":53,"column":15},"end":{"line":55,"column":5}},"line":53},"10":{"name":"(anonymous_10)","decl":{"start":{"line":57,"column":4},"end":{"line":57,"column":5}},"loc":{"start":{"line":57,"column":15},"end":{"line":59,"column":5}},"line":57},"11":{"name":"(anonymous_11)","decl":{"start":{"line":61,"column":4},"end":{"line":61,"column":5}},"loc":{"start":{"line":61,"column":12},"end":{"line":63,"column":5}},"line":61},"12":{"name":"(anonymous_12)","decl":{"start":{"line":65,"column":4},"end":{"line":65,"column":5}},"loc":{"start":{"line":65,"column":25},"end":{"line":67,"column":5}},"line":65},"13":{"name":"(anonymous_13)","decl":{"start":{"line":69,"column":4},"end":{"line":69,"column":5}},"loc":{"start":{"line":69,"column":17},"end":{"line":71,"column":5}},"line":69},"14":{"name":"(anonymous_14)","decl":{"start":{"line":73,"column":4},"end":{"line":73,"column":5}},"loc":{"start":{"line":73,"column":23},"end":{"line":75,"column":5}},"line":73},"15":{"name":"(anonymous_15)","decl":{"start":{"line":77,"column":4},"end":{"line":77,"column":5}},"loc":{"start":{"line":77,"column":16},"end":{"line":79,"column":5}},"line":77}},"branchMap":{},"s":{"0":9,"1":9,"2":9,"3":9,"4":9,"5":9,"6":9,"7":1,"8":0,"9":1,"10":0,"11":11,"12":0,"13":0,"14":0,"15":5,"16":5,"17":2,"18":5,"19":5,"20":0,"21":0,"22":1,"23":1,"24":1,"25":1},"f":{"0":9,"1":1,"2":0,"3":1,"4":0,"5":11,"6":0,"7":0,"8":0,"9":5,"10":5,"11":2,"12":5,"13":5,"14":0,"15":0},"b":{},"_coverageSchema":"1a1c01bbd47fc00a2c39e90264f33305004495a9","hash":"f529cb510c17fcb8404ca114527394587c60d15b"}
,"D:\\Github_Reposities\\test-mandatory-1\\src\\Services.js": {"path":"D:\\Github_Reposities\\test-mandatory-1\\src\\Services.js","statementMap":{"0":{"start":{"line":1,"column":15},"end":{"line":1,"column":34}},"1":{"start":{"line":3,"column":11},"end":{"line":3,"column":24}},"2":{"start":{"line":4,"column":11},"end":{"line":4,"column":65}},"3":{"start":{"line":8,"column":21},"end":{"line":8,"column":75}},"4":{"start":{"line":9,"column":15},"end":{"line":9,"column":37}},"5":{"start":{"line":11,"column":4},"end":{"line":11,"column":16}},"6":{"start":{"line":16,"column":12},"end":{"line":16,"column":19}},"7":{"start":{"line":17,"column":22},"end":{"line":17,"column":24}},"8":{"start":{"line":18,"column":15},"end":{"line":18,"column":29}},"9":{"start":{"line":21,"column":4},"end":{"line":24,"column":5}},"10":{"start":{"line":21,"column":17},"end":{"line":21,"column":18}},"11":{"start":{"line":22,"column":8},"end":{"line":22,"column":71}},"12":{"start":{"line":23,"column":8},"end":{"line":23,"column":52}},"13":{"start":{"line":25,"column":4},"end":{"line":25,"column":23}},"14":{"start":{"line":31,"column":21},"end":{"line":31,"column":25}},"15":{"start":{"line":32,"column":26},"end":{"line":32,"column":28}},"16":{"start":{"line":34,"column":4},"end":{"line":37,"column":5}},"17":{"start":{"line":34,"column":17},"end":{"line":34,"column":18}},"18":{"start":{"line":35,"column":8},"end":{"line":35,"column":36}},"19":{"start":{"line":36,"column":8},"end":{"line":36,"column":41}},"20":{"start":{"line":38,"column":4},"end":{"line":38,"column":27}},"21":{"start":{"line":44,"column":27},"end":{"line":44,"column":29}},"22":{"start":{"line":46,"column":4},"end":{"line":59,"column":5}},"23":{"start":{"line":46,"column":17},"end":{"line":46,"column":18}},"24":{"start":{"line":49,"column":22},"end":{"line":49,"column":60}},"25":{"start":{"line":50,"column":8},"end":{"line":57,"column":9}},"26":{"start":{"line":51,"column":12},"end":{"line":56,"column":13}},"27":{"start":{"line":52,"column":16},"end":{"line":52,"column":38}},"28":{"start":{"line":55,"column":16},"end":{"line":55,"column":38}},"29":{"start":{"line":58,"column":8},"end":{"line":58,"column":39}},"30":{"start":{"line":60,"column":4},"end":{"line":60,"column":28}},"31":{"start":{"line":65,"column":16},"end":{"line":65,"column":60}},"32":{"start":{"line":66,"column":22},"end":{"line":66,"column":24}},"33":{"start":{"line":67,"column":27},"end":{"line":67,"column":45}},"34":{"start":{"line":68,"column":26},"end":{"line":68,"column":46}},"35":{"start":{"line":70,"column":4},"end":{"line":84,"column":5}},"36":{"start":{"line":70,"column":17},"end":{"line":70,"column":18}},"37":{"start":{"line":71,"column":23},"end":{"line":75,"column":13}},"38":{"start":{"line":76,"column":8},"end":{"line":76,"column":51}},"39":{"start":{"line":77,"column":19},"end":{"line":80,"column":66}},"40":{"start":{"line":81,"column":8},"end":{"line":81,"column":28}},"41":{"start":{"line":83,"column":8},"end":{"line":83,"column":33}},"42":{"start":{"line":85,"column":4},"end":{"line":85,"column":22}},"43":{"start":{"line":88,"column":15},"end":{"line":88,"column":93}},"44":{"start":{"line":89,"column":4},"end":{"line":89,"column":89}},"45":{"start":{"line":90,"column":4},"end":{"line":90,"column":15}},"46":{"start":{"line":94,"column":15},"end":{"line":94,"column":37}},"47":{"start":{"line":95,"column":4},"end":{"line":95,"column":84}},"48":{"start":{"line":96,"column":4},"end":{"line":96,"column":15}},"49":{"start":{"line":101,"column":4},"end":{"line":101,"column":89}},"50":{"start":{"line":106,"column":26},"end":{"line":113,"column":1}},"51":{"start":{"line":115,"column":0},"end":{"line":115,"column":35}}},"fnMap":{"0":{"name":"readFromFile","decl":{"start":{"line":7,"column":9},"end":{"line":7,"column":21}},"loc":{"start":{"line":7,"column":23},"end":{"line":12,"column":1}},"line":7},"1":{"name":"addPeopleToArray","decl":{"start":{"line":15,"column":9},"end":{"line":15,"column":25}},"loc":{"start":{"line":15,"column":34},"end":{"line":26,"column":1}},"line":15},"2":{"name":"generateFemaleCPR","decl":{"start":{"line":29,"column":9},"end":{"line":29,"column":26}},"loc":{"start":{"line":29,"column":29},"end":{"line":39,"column":1}},"line":29},"3":{"name":"generateMaleCPR","decl":{"start":{"line":42,"column":9},"end":{"line":42,"column":24}},"loc":{"start":{"line":42,"column":36},"end":{"line":61,"column":1}},"line":42},"4":{"name":"generatePersonInfo","decl":{"start":{"line":64,"column":9},"end":{"line":64,"column":27}},"loc":{"start":{"line":64,"column":40},"end":{"line":86,"column":1}},"line":64},"5":{"name":"generateBirthday","decl":{"start":{"line":87,"column":9},"end":{"line":87,"column":25}},"loc":{"start":{"line":87,"column":32},"end":{"line":91,"column":1}},"line":87},"6":{"name":"generateFullCPR","decl":{"start":{"line":93,"column":9},"end":{"line":93,"column":24}},"loc":{"start":{"line":93,"column":47},"end":{"line":97,"column":1}},"line":93},"7":{"name":"randomDate","decl":{"start":{"line":100,"column":9},"end":{"line":100,"column":19}},"loc":{"start":{"line":100,"column":32},"end":{"line":102,"column":1}},"line":100}},"branchMap":{"0":{"loc":{"start":{"line":50,"column":8},"end":{"line":57,"column":9}},"type":"if","locations":[{"start":{"line":50,"column":8},"end":{"line":57,"column":9}},{"start":{},"end":{}}],"line":50},"1":{"loc":{"start":{"line":51,"column":12},"end":{"line":56,"column":13}},"type":"if","locations":[{"start":{"line":51,"column":12},"end":{"line":56,"column":13}},{"start":{"line":53,"column":19},"end":{"line":56,"column":13}}],"line":51},"2":{"loc":{"start":{"line":77,"column":19},"end":{"line":80,"column":66}},"type":"cond-expr","locations":[{"start":{"line":78,"column":9},"end":{"line":78,"column":67}},{"start":{"line":80,"column":9},"end":{"line":80,"column":66}}],"line":77}},"s":{"0":1,"1":1,"2":1,"3":1,"4":1,"5":1,"6":1,"7":1,"8":1,"9":1,"10":1,"11":5,"12":5,"13":1,"14":2,"15":2,"16":2,"17":2,"18":10,"19":10,"20":2,"21":2,"22":2,"23":2,"24":6,"25":6,"26":1,"27":0,"28":1,"29":6,"30":2,"31":1,"32":1,"33":1,"34":1,"35":1,"36":1,"37":5,"38":5,"39":5,"40":5,"41":5,"42":1,"43":5,"44":5,"45":5,"46":7,"47":7,"48":7,"49":1,"50":1,"51":1},"f":{"0":1,"1":1,"2":2,"3":2,"4":1,"5":5,"6":7,"7":1},"b":{"0":[1,5],"1":[0,1],"2":[3,2]},"_coverageSchema":"1a1c01bbd47fc00a2c39e90264f33305004495a9","hash":"975936c5982da0212cd1de5705e9982a6a627d8c"}
,"D:\\Github_Reposities\\test-mandatory-1\\src\\main.js": {"path":"D:\\Github_Reposities\\test-mandatory-1\\src\\main.js","statementMap":{"0":{"start":{"line":1,"column":11},"end":{"line":1,"column":24}},"1":{"start":{"line":2,"column":15},"end":{"line":2,"column":34}},"2":{"start":{"line":3,"column":63},"end":{"line":3,"column":84}},"3":{"start":{"line":78,"column":3},"end":{"line":78,"column":50}},"4":{"start":{"line":81,"column":0},"end":{"line":81,"column":24}}},"fnMap":{"0":{"name":"main","decl":{"start":{"line":77,"column":9},"end":{"line":77,"column":13}},"loc":{"start":{"line":77,"column":15},"end":{"line":79,"column":1}},"line":77}},"branchMap":{},"s":{"0":1,"1":1,"2":1,"3":1,"4":1},"f":{"0":1},"b":{},"_coverageSchema":"1a1c01bbd47fc00a2c39e90264f33305004495a9","hash":"13b0502b7b7d04dd940e2981335f349b1f50278e"}
}
