TN:
SF:src\People.js
FN:10,(anonymous_0)
FN:19,(anonymous_1)
FN:23,(anonymous_2)
FN:27,(anonymous_3)
FN:33,(anonymous_4)
FN:37,(anonymous_5)
FN:41,(anonymous_6)
FN:45,(anonymous_7)
FN:49,(anonymous_8)
FN:53,(anonymous_9)
FN:57,(anonymous_10)
FN:61,(anonymous_11)
FN:65,(anonymous_12)
FN:69,(anonymous_13)
FN:73,(anonymous_14)
FN:77,(anonymous_15)
FNF:16
FNH:9
FNDA:9,(anonymous_0)
FNDA:1,(anonymous_1)
FNDA:0,(anonymous_2)
FNDA:1,(anonymous_3)
FNDA:0,(anonymous_4)
FNDA:5,(anonymous_5)
FNDA:0,(anonymous_6)
FNDA:0,(anonymous_7)
FNDA:0,(anonymous_8)
FNDA:6,(anonymous_9)
FNDA:5,(anonymous_10)
FNDA:2,(anonymous_11)
FNDA:5,(anonymous_12)
FNDA:5,(anonymous_13)
FNDA:0,(anonymous_14)
FNDA:0,(anonymous_15)
DA:8,9
DA:11,9
DA:12,9
DA:13,9
DA:14,9
DA:15,9
DA:16,9
DA:20,1
DA:24,0
DA:28,1
DA:34,0
DA:38,5
DA:42,0
DA:46,0
DA:50,0
DA:54,6
DA:58,5
DA:62,2
DA:66,5
DA:70,5
DA:74,0
DA:78,0
DA:84,1
DA:86,1
DA:87,1
DA:89,1
LF:26
LH:19
BRF:0
BRH:0
end_of_record
TN:
SF:src\Services.js
FN:7,readFromFile
FN:15,addPeopleToArray
FN:29,generateFemaleCPR
FN:42,generateMaleCPR
FN:64,generatePersonInfo
FN:87,generateBirthday
FN:93,generateFullCPR
FN:100,randomDate
FNF:8
FNH:8
FNDA:1,readFromFile
FNDA:1,addPeopleToArray
FNDA:2,generateFemaleCPR
FNDA:2,generateMaleCPR
FNDA:1,generatePersonInfo
FNDA:5,generateBirthday
FNDA:7,generateFullCPR
FNDA:1,randomDate
DA:1,1
DA:3,1
DA:4,1
DA:8,1
DA:9,1
DA:11,1
DA:16,1
DA:17,1
DA:18,1
DA:21,1
DA:22,5
DA:23,5
DA:25,1
DA:31,2
DA:32,2
DA:34,2
DA:35,10
DA:36,10
DA:38,2
DA:44,2
DA:46,2
DA:49,6
DA:50,6
DA:51,4
DA:52,0
DA:55,4
DA:58,6
DA:60,2
DA:65,1
DA:66,1
DA:67,1
DA:68,1
DA:70,1
DA:71,5
DA:76,5
DA:77,5
DA:81,5
DA:83,5
DA:85,1
DA:88,5
DA:89,5
DA:90,5
DA:94,7
DA:95,7
DA:96,7
DA:101,1
DA:106,1
DA:115,1
LF:48
LH:47
BRDA:50,0,0,4
BRDA:50,0,1,2
BRDA:51,1,0,0
BRDA:51,1,1,4
BRDA:77,2,0,5
BRDA:77,2,1,0
BRF:6
BRH:4
end_of_record
TN:
SF:src\main.js
FN:3,main
FNF:1
FNH:1
FNDA:1,main
DA:1,1
DA:4,1
DA:7,1
LF:3
LH:3
BRF:0
BRH:0
end_of_record
